[2024-06-29T21:08:07.324+0000] {local_task_job_runner.py:120} INFO - ::group::Pre task execution logs
[2024-06-29T21:08:07.345+0000] {taskinstance.py:2076} INFO - Dependencies all met for dep_context=non-requeueable deps ti=<TaskInstance: northwindDWH.data_extraction manual__2024-06-29T21:08:03.480910+00:00 [queued]>
[2024-06-29T21:08:07.353+0000] {taskinstance.py:2076} INFO - Dependencies all met for dep_context=requeueable deps ti=<TaskInstance: northwindDWH.data_extraction manual__2024-06-29T21:08:03.480910+00:00 [queued]>
[2024-06-29T21:08:07.353+0000] {taskinstance.py:2306} INFO - Starting attempt 1 of 1
[2024-06-29T21:08:07.364+0000] {taskinstance.py:2330} INFO - Executing <Task(PythonOperator): data_extraction> on 2024-06-29 21:08:03.480910+00:00
[2024-06-29T21:08:07.373+0000] {warnings.py:110} WARNING - /home/***/.local/lib/python3.12/site-packages/***/task/task_runner/standard_task_runner.py:61: DeprecationWarning: This process (pid=101) is multi-threaded, use of fork() may lead to deadlocks in the child.
  pid = os.fork()

[2024-06-29T21:08:07.374+0000] {standard_task_runner.py:63} INFO - Started process 103 to run task
[2024-06-29T21:08:07.375+0000] {standard_task_runner.py:90} INFO - Running: ['***', 'tasks', 'run', 'northwindDWH', 'data_extraction', 'manual__2024-06-29T21:08:03.480910+00:00', '--job-id', '19', '--raw', '--subdir', 'DAGS_FOLDER/northwindDWH.py', '--cfg-path', '/tmp/tmpdg8c7lzq']
[2024-06-29T21:08:07.377+0000] {standard_task_runner.py:91} INFO - Job 19: Subtask data_extraction
[2024-06-29T21:08:07.388+0000] {warnings.py:110} WARNING - /home/***/.local/lib/python3.12/site-packages/***/settings.py:195: DeprecationWarning: The sql_alchemy_conn option in [core] has been moved to the sql_alchemy_conn option in [database] - the old setting has been used, but please update your config.
  SQL_ALCHEMY_CONN = conf.get("database", "SQL_ALCHEMY_CONN")

[2024-06-29T21:08:07.418+0000] {task_command.py:426} INFO - Running <TaskInstance: northwindDWH.data_extraction manual__2024-06-29T21:08:03.480910+00:00 [running]> on host 3abb3aef8f21
[2024-06-29T21:08:07.524+0000] {taskinstance.py:2648} INFO - Exporting env vars: AIRFLOW_CTX_DAG_OWNER='Mahmoud' AIRFLOW_CTX_DAG_ID='northwindDWH' AIRFLOW_CTX_TASK_ID='data_extraction' AIRFLOW_CTX_EXECUTION_DATE='2024-06-29T21:08:03.480910+00:00' AIRFLOW_CTX_TRY_NUMBER='1' AIRFLOW_CTX_DAG_RUN_ID='manual__2024-06-29T21:08:03.480910+00:00'
[2024-06-29T21:08:07.525+0000] {taskinstance.py:430} INFO - ::endgroup::
[2024-06-29T21:08:07.538+0000] {northwindDWH.py:53} INFO - Data extraction started
[2024-06-29T21:08:07.538+0000] {Transform_data.py:7} INFO - start Extracting dim customers
[2024-06-29T21:08:07.542+0000] {db_utils.py:21} INFO - Connected to PostgreSQL database successfully
[2024-06-29T21:08:07.545+0000] {Transform_data.py:16} INFO - Extract dim customer done
[2024-06-29T21:08:07.546+0000] {db_utils.py:30} INFO - PostgreSQL connection is closed
[2024-06-29T21:08:07.546+0000] {Transform_data.py:48} INFO - start Extracting dim employee
[2024-06-29T21:08:07.549+0000] {db_utils.py:21} INFO - Connected to PostgreSQL database successfully
[2024-06-29T21:08:07.551+0000] {Transform_data.py:57} INFO - Extract dim employees done
[2024-06-29T21:08:07.552+0000] {db_utils.py:30} INFO - PostgreSQL connection is closed
[2024-06-29T21:08:07.552+0000] {Transform_data.py:25} INFO - start Extracting dim product
[2024-06-29T21:08:07.556+0000] {db_utils.py:21} INFO - Connected to PostgreSQL database successfully
[2024-06-29T21:08:07.559+0000] {Transform_data.py:39} INFO - Extract dim products done
[2024-06-29T21:08:07.559+0000] {db_utils.py:30} INFO - PostgreSQL connection is closed
[2024-06-29T21:08:07.559+0000] {Transform_data.py:67} INFO - start Extracting fact sales
[2024-06-29T21:08:07.562+0000] {db_utils.py:21} INFO - Connected to PostgreSQL database successfully
[2024-06-29T21:08:07.566+0000] {Transform_data.py:80} INFO - Extract fact sales done
[2024-06-29T21:08:07.566+0000] {db_utils.py:30} INFO - PostgreSQL connection is closed
[2024-06-29T21:08:07.566+0000] {northwindDWH.py:58} INFO - Data extraction done
[2024-06-29T21:08:07.566+0000] {python.py:237} INFO - Done. Returned value was: None
[2024-06-29T21:08:07.567+0000] {taskinstance.py:441} INFO - ::group::Post task execution logs
[2024-06-29T21:08:07.576+0000] {taskinstance.py:1206} INFO - Marking task as SUCCESS. dag_id=northwindDWH, task_id=data_extraction, run_id=manual__2024-06-29T21:08:03.480910+00:00, execution_date=20240629T210803, start_date=20240629T210807, end_date=20240629T210807
[2024-06-29T21:08:07.628+0000] {local_task_job_runner.py:240} INFO - Task exited with return code 0
[2024-06-29T21:08:07.651+0000] {taskinstance.py:3498} INFO - 1 downstream tasks scheduled from follow-on schedule check
[2024-06-29T21:08:07.653+0000] {local_task_job_runner.py:222} INFO - ::endgroup::
