[2024-06-30T08:26:03.856+0000] {local_task_job_runner.py:120} INFO - ::group::Pre task execution logs
[2024-06-30T08:26:03.877+0000] {taskinstance.py:2076} INFO - Dependencies all met for dep_context=non-requeueable deps ti=<TaskInstance: northwindDWH.data_delivery manual__2024-06-30T08:26:00.624203+00:00 [queued]>
[2024-06-30T08:26:03.886+0000] {taskinstance.py:2076} INFO - Dependencies all met for dep_context=requeueable deps ti=<TaskInstance: northwindDWH.data_delivery manual__2024-06-30T08:26:00.624203+00:00 [queued]>
[2024-06-30T08:26:03.886+0000] {taskinstance.py:2306} INFO - Starting attempt 1 of 1
[2024-06-30T08:26:03.897+0000] {taskinstance.py:2330} INFO - Executing <Task(PythonOperator): data_delivery> on 2024-06-30 08:26:00.624203+00:00
[2024-06-30T08:26:03.905+0000] {warnings.py:110} WARNING - /home/***/.local/lib/python3.12/site-packages/***/task/task_runner/standard_task_runner.py:61: DeprecationWarning: This process (pid=105) is multi-threaded, use of fork() may lead to deadlocks in the child.
  pid = os.fork()

[2024-06-30T08:26:03.906+0000] {standard_task_runner.py:63} INFO - Started process 107 to run task
[2024-06-30T08:26:03.907+0000] {standard_task_runner.py:90} INFO - Running: ['***', 'tasks', 'run', 'northwindDWH', 'data_delivery', 'manual__2024-06-30T08:26:00.624203+00:00', '--job-id', '78', '--raw', '--subdir', 'DAGS_FOLDER/northwindDWH.py', '--cfg-path', '/tmp/tmpg5uygmsj']
[2024-06-30T08:26:03.908+0000] {standard_task_runner.py:91} INFO - Job 78: Subtask data_delivery
[2024-06-30T08:26:03.919+0000] {warnings.py:110} WARNING - /home/***/.local/lib/python3.12/site-packages/***/settings.py:195: DeprecationWarning: The sql_alchemy_conn option in [core] has been moved to the sql_alchemy_conn option in [database] - the old setting has been used, but please update your config.
  SQL_ALCHEMY_CONN = conf.get("database", "SQL_ALCHEMY_CONN")

[2024-06-30T08:26:03.945+0000] {task_command.py:426} INFO - Running <TaskInstance: northwindDWH.data_delivery manual__2024-06-30T08:26:00.624203+00:00 [running]> on host 3abb3aef8f21
[2024-06-30T08:26:04.025+0000] {taskinstance.py:2648} INFO - Exporting env vars: AIRFLOW_CTX_DAG_OWNER='Mahmoud' AIRFLOW_CTX_DAG_ID='northwindDWH' AIRFLOW_CTX_TASK_ID='data_delivery' AIRFLOW_CTX_EXECUTION_DATE='2024-06-30T08:26:00.624203+00:00' AIRFLOW_CTX_TRY_NUMBER='1' AIRFLOW_CTX_DAG_RUN_ID='manual__2024-06-30T08:26:00.624203+00:00'
[2024-06-30T08:26:04.026+0000] {taskinstance.py:430} INFO - ::endgroup::
[2024-06-30T08:26:04.038+0000] {northwindDWH.py:49} INFO - Data delivery started
[2024-06-30T08:26:04.039+0000] {Load_data.py:85} INFO - loading dimEmployee to db ...
[2024-06-30T08:26:04.039+0000] {Transform_data.py:48} INFO - start Extracting dim employee
[2024-06-30T08:26:04.042+0000] {db_utils.py:21} INFO - Connected to PostgreSQL database successfully
[2024-06-30T08:26:04.045+0000] {Transform_data.py:57} INFO - Extract dim employees done
[2024-06-30T08:26:04.045+0000] {db_utils.py:30} INFO - PostgreSQL connection is closed
[2024-06-30T08:26:04.049+0000] {db_utils.py:21} INFO - Connected to PostgreSQL database successfully
[2024-06-30T08:26:04.052+0000] {Load_data.py:103} INFO - SCD type 2 on dimemployee started
[2024-06-30T08:26:04.058+0000] {db_utils.py:30} INFO - PostgreSQL connection is closed
[2024-06-30T08:26:04.058+0000] {Load_data.py:158} INFO - loading dimproduct to db ...
[2024-06-30T08:26:04.058+0000] {Transform_data.py:25} INFO - start Extracting dim product
[2024-06-30T08:26:04.061+0000] {db_utils.py:21} INFO - Connected to PostgreSQL database successfully
[2024-06-30T08:26:04.063+0000] {Transform_data.py:39} INFO - Extract dim products done
[2024-06-30T08:26:04.064+0000] {db_utils.py:30} INFO - PostgreSQL connection is closed
[2024-06-30T08:26:04.066+0000] {db_utils.py:21} INFO - Connected to PostgreSQL database successfully
[2024-06-30T08:26:04.070+0000] {Load_data.py:172} INFO - SCD type 1 on dimproduct started
[2024-06-30T08:26:04.085+0000] {Tables_creations.py:27} INFO - Loading data into table dim_products...
[2024-06-30T08:26:04.088+0000] {db_utils.py:21} INFO - Connected to PostgreSQL database successfully
[2024-06-30T08:26:04.095+0000] {Load_data.py:203} INFO - Error while loading dimProducts: integer out of range

[2024-06-30T08:26:04.096+0000] {Load_data.py:12} INFO - loading dimCustomers to db ...
[2024-06-30T08:26:04.096+0000] {Transform_data.py:7} INFO - start Extracting dim customers
[2024-06-30T08:26:04.099+0000] {db_utils.py:21} INFO - Connected to PostgreSQL database successfully
[2024-06-30T08:26:04.101+0000] {Transform_data.py:16} INFO - Extract dim customer done
[2024-06-30T08:26:04.102+0000] {db_utils.py:30} INFO - PostgreSQL connection is closed
[2024-06-30T08:26:04.105+0000] {db_utils.py:21} INFO - Connected to PostgreSQL database successfully
[2024-06-30T08:26:04.108+0000] {Load_data.py:30} INFO - SCD type 2 on dimcustomer started
[2024-06-30T08:26:04.121+0000] {db_utils.py:30} INFO - PostgreSQL connection is closed
[2024-06-30T08:26:04.122+0000] {Load_data.py:207} INFO - Loading factsales to db ...
[2024-06-30T08:26:04.122+0000] {Transform_data.py:67} INFO - start Extracting fact sales
[2024-06-30T08:26:04.125+0000] {db_utils.py:21} INFO - Connected to PostgreSQL database successfully
[2024-06-30T08:26:04.128+0000] {Transform_data.py:80} INFO - Extract fact sales done
[2024-06-30T08:26:04.128+0000] {db_utils.py:30} INFO - PostgreSQL connection is closed
[2024-06-30T08:26:04.131+0000] {Load_data.py:220} INFO - Error while loading Fact_Sales: 'shipped_date'
[2024-06-30T08:26:04.131+0000] {northwindDWH.py:54} INFO - Data delivery done
[2024-06-30T08:26:04.132+0000] {python.py:237} INFO - Done. Returned value was: None
[2024-06-30T08:26:04.132+0000] {taskinstance.py:441} INFO - ::group::Post task execution logs
[2024-06-30T08:26:04.141+0000] {taskinstance.py:1206} INFO - Marking task as SUCCESS. dag_id=northwindDWH, task_id=data_delivery, run_id=manual__2024-06-30T08:26:00.624203+00:00, execution_date=20240630T082600, start_date=20240630T082603, end_date=20240630T082604
[2024-06-30T08:26:04.160+0000] {local_task_job_runner.py:240} INFO - Task exited with return code 0
[2024-06-30T08:26:04.175+0000] {taskinstance.py:3498} INFO - 0 downstream tasks scheduled from follow-on schedule check
[2024-06-30T08:26:04.177+0000] {local_task_job_runner.py:222} INFO - ::endgroup::
