[2024-06-30T08:53:57.295+0000] {local_task_job_runner.py:120} INFO - ::group::Pre task execution logs
[2024-06-30T08:53:57.316+0000] {taskinstance.py:2076} INFO - Dependencies all met for dep_context=non-requeueable deps ti=<TaskInstance: northwindDWH.data_delivery manual__2024-06-30T08:53:53.031867+00:00 [queued]>
[2024-06-30T08:53:57.323+0000] {taskinstance.py:2076} INFO - Dependencies all met for dep_context=requeueable deps ti=<TaskInstance: northwindDWH.data_delivery manual__2024-06-30T08:53:53.031867+00:00 [queued]>
[2024-06-30T08:53:57.323+0000] {taskinstance.py:2306} INFO - Starting attempt 1 of 1
[2024-06-30T08:53:57.334+0000] {taskinstance.py:2330} INFO - Executing <Task(PythonOperator): data_delivery> on 2024-06-30 08:53:53.031867+00:00
[2024-06-30T08:53:57.342+0000] {warnings.py:110} WARNING - /home/***/.local/lib/python3.12/site-packages/***/task/task_runner/standard_task_runner.py:61: DeprecationWarning: This process (pid=159) is multi-threaded, use of fork() may lead to deadlocks in the child.
  pid = os.fork()

[2024-06-30T08:53:57.343+0000] {standard_task_runner.py:63} INFO - Started process 161 to run task
[2024-06-30T08:53:57.343+0000] {standard_task_runner.py:90} INFO - Running: ['***', 'tasks', 'run', 'northwindDWH', 'data_delivery', 'manual__2024-06-30T08:53:53.031867+00:00', '--job-id', '96', '--raw', '--subdir', 'DAGS_FOLDER/northwindDWH.py', '--cfg-path', '/tmp/tmpf52wjqag']
[2024-06-30T08:53:57.345+0000] {standard_task_runner.py:91} INFO - Job 96: Subtask data_delivery
[2024-06-30T08:53:57.356+0000] {warnings.py:110} WARNING - /home/***/.local/lib/python3.12/site-packages/***/settings.py:195: DeprecationWarning: The sql_alchemy_conn option in [core] has been moved to the sql_alchemy_conn option in [database] - the old setting has been used, but please update your config.
  SQL_ALCHEMY_CONN = conf.get("database", "SQL_ALCHEMY_CONN")

[2024-06-30T08:53:57.386+0000] {task_command.py:426} INFO - Running <TaskInstance: northwindDWH.data_delivery manual__2024-06-30T08:53:53.031867+00:00 [running]> on host 3abb3aef8f21
[2024-06-30T08:53:57.479+0000] {taskinstance.py:2648} INFO - Exporting env vars: AIRFLOW_CTX_DAG_OWNER='Mahmoud' AIRFLOW_CTX_DAG_ID='northwindDWH' AIRFLOW_CTX_TASK_ID='data_delivery' AIRFLOW_CTX_EXECUTION_DATE='2024-06-30T08:53:53.031867+00:00' AIRFLOW_CTX_TRY_NUMBER='1' AIRFLOW_CTX_DAG_RUN_ID='manual__2024-06-30T08:53:53.031867+00:00'
[2024-06-30T08:53:57.480+0000] {taskinstance.py:430} INFO - ::endgroup::
[2024-06-30T08:53:57.498+0000] {northwindDWH.py:49} INFO - Data delivery started
[2024-06-30T08:53:57.498+0000] {Load_data.py:85} INFO - loading dimEmployee to db ...
[2024-06-30T08:53:57.498+0000] {Transform_data.py:51} INFO - start Extracting dim employee
[2024-06-30T08:53:57.502+0000] {db_utils.py:21} INFO - Connected to PostgreSQL database successfully
[2024-06-30T08:53:57.505+0000] {Transform_data.py:60} INFO - Extract dim employees done
[2024-06-30T08:53:57.506+0000] {db_utils.py:30} INFO - PostgreSQL connection is closed
[2024-06-30T08:53:57.510+0000] {db_utils.py:21} INFO - Connected to PostgreSQL database successfully
[2024-06-30T08:53:57.512+0000] {Load_data.py:103} INFO - SCD type 2 on dimemployee started
[2024-06-30T08:53:57.519+0000] {db_utils.py:30} INFO - PostgreSQL connection is closed
[2024-06-30T08:53:57.520+0000] {Load_data.py:159} INFO - Loading dimproduct to db...
[2024-06-30T08:53:57.520+0000] {Transform_data.py:27} INFO - Start Extracting dim product
[2024-06-30T08:53:57.523+0000] {db_utils.py:21} INFO - Connected to PostgreSQL database successfully
[2024-06-30T08:53:57.525+0000] {Transform_data.py:41} INFO - Extract dim products done
[2024-06-30T08:53:57.525+0000] {db_utils.py:30} INFO - PostgreSQL connection is closed
[2024-06-30T08:53:57.528+0000] {db_utils.py:21} INFO - Connected to PostgreSQL database successfully
[2024-06-30T08:53:57.531+0000] {Load_data.py:172} INFO - SCD type 1 on dimproduct started
[2024-06-30T08:53:57.533+0000] {db_utils.py:37} INFO - Query executed successfully for table dim_products
[2024-06-30T08:53:57.535+0000] {db_utils.py:37} INFO - Query executed successfully for table dim_products
[2024-06-30T08:53:57.537+0000] {db_utils.py:37} INFO - Query executed successfully for table dim_products
[2024-06-30T08:53:57.539+0000] {db_utils.py:37} INFO - Query executed successfully for table dim_products
[2024-06-30T08:53:57.541+0000] {db_utils.py:37} INFO - Query executed successfully for table dim_products
[2024-06-30T08:53:57.543+0000] {db_utils.py:37} INFO - Query executed successfully for table dim_products
[2024-06-30T08:53:57.545+0000] {db_utils.py:37} INFO - Query executed successfully for table dim_products
[2024-06-30T08:53:57.547+0000] {db_utils.py:37} INFO - Query executed successfully for table dim_products
[2024-06-30T08:53:57.549+0000] {db_utils.py:37} INFO - Query executed successfully for table dim_products
[2024-06-30T08:53:57.551+0000] {db_utils.py:37} INFO - Query executed successfully for table dim_products
[2024-06-30T08:53:57.553+0000] {db_utils.py:37} INFO - Query executed successfully for table dim_products
[2024-06-30T08:53:57.555+0000] {db_utils.py:37} INFO - Query executed successfully for table dim_products
[2024-06-30T08:53:57.557+0000] {db_utils.py:37} INFO - Query executed successfully for table dim_products
[2024-06-30T08:53:57.559+0000] {db_utils.py:37} INFO - Query executed successfully for table dim_products
[2024-06-30T08:53:57.561+0000] {db_utils.py:37} INFO - Query executed successfully for table dim_products
[2024-06-30T08:53:57.562+0000] {db_utils.py:37} INFO - Query executed successfully for table dim_products
[2024-06-30T08:53:57.564+0000] {db_utils.py:37} INFO - Query executed successfully for table dim_products
[2024-06-30T08:53:57.566+0000] {db_utils.py:37} INFO - Query executed successfully for table dim_products
[2024-06-30T08:53:57.569+0000] {db_utils.py:37} INFO - Query executed successfully for table dim_products
[2024-06-30T08:53:57.571+0000] {db_utils.py:37} INFO - Query executed successfully for table dim_products
[2024-06-30T08:53:57.572+0000] {db_utils.py:37} INFO - Query executed successfully for table dim_products
[2024-06-30T08:53:57.574+0000] {db_utils.py:37} INFO - Query executed successfully for table dim_products
[2024-06-30T08:53:57.576+0000] {db_utils.py:37} INFO - Query executed successfully for table dim_products
[2024-06-30T08:53:57.578+0000] {db_utils.py:37} INFO - Query executed successfully for table dim_products
[2024-06-30T08:53:57.579+0000] {db_utils.py:37} INFO - Query executed successfully for table dim_products
[2024-06-30T08:53:57.581+0000] {db_utils.py:37} INFO - Query executed successfully for table dim_products
[2024-06-30T08:53:57.583+0000] {db_utils.py:37} INFO - Query executed successfully for table dim_products
[2024-06-30T08:53:57.585+0000] {db_utils.py:37} INFO - Query executed successfully for table dim_products
[2024-06-30T08:53:57.586+0000] {db_utils.py:40} INFO - Error while executing query for table dim_products: integer out of range

[2024-06-30T08:53:57.587+0000] {db_utils.py:40} INFO - Error while executing query for table dim_products: current transaction is aborted, commands ignored until end of transaction block

[2024-06-30T08:53:57.588+0000] {db_utils.py:40} INFO - Error while executing query for table dim_products: current transaction is aborted, commands ignored until end of transaction block

[2024-06-30T08:53:57.589+0000] {db_utils.py:40} INFO - Error while executing query for table dim_products: current transaction is aborted, commands ignored until end of transaction block

[2024-06-30T08:53:57.589+0000] {db_utils.py:40} INFO - Error while executing query for table dim_products: current transaction is aborted, commands ignored until end of transaction block

[2024-06-30T08:53:57.590+0000] {db_utils.py:40} INFO - Error while executing query for table dim_products: current transaction is aborted, commands ignored until end of transaction block

[2024-06-30T08:53:57.591+0000] {db_utils.py:40} INFO - Error while executing query for table dim_products: current transaction is aborted, commands ignored until end of transaction block

[2024-06-30T08:53:57.591+0000] {db_utils.py:40} INFO - Error while executing query for table dim_products: current transaction is aborted, commands ignored until end of transaction block

[2024-06-30T08:53:57.592+0000] {db_utils.py:40} INFO - Error while executing query for table dim_products: current transaction is aborted, commands ignored until end of transaction block

[2024-06-30T08:53:57.593+0000] {db_utils.py:40} INFO - Error while executing query for table dim_products: current transaction is aborted, commands ignored until end of transaction block

[2024-06-30T08:53:57.593+0000] {db_utils.py:40} INFO - Error while executing query for table dim_products: current transaction is aborted, commands ignored until end of transaction block

[2024-06-30T08:53:57.594+0000] {db_utils.py:40} INFO - Error while executing query for table dim_products: current transaction is aborted, commands ignored until end of transaction block

[2024-06-30T08:53:57.595+0000] {db_utils.py:40} INFO - Error while executing query for table dim_products: current transaction is aborted, commands ignored until end of transaction block

[2024-06-30T08:53:57.595+0000] {db_utils.py:40} INFO - Error while executing query for table dim_products: current transaction is aborted, commands ignored until end of transaction block

[2024-06-30T08:53:57.596+0000] {db_utils.py:40} INFO - Error while executing query for table dim_products: current transaction is aborted, commands ignored until end of transaction block

[2024-06-30T08:53:57.597+0000] {db_utils.py:40} INFO - Error while executing query for table dim_products: current transaction is aborted, commands ignored until end of transaction block

[2024-06-30T08:53:57.598+0000] {db_utils.py:40} INFO - Error while executing query for table dim_products: current transaction is aborted, commands ignored until end of transaction block

[2024-06-30T08:53:57.598+0000] {db_utils.py:30} INFO - PostgreSQL connection is closed
[2024-06-30T08:53:57.598+0000] {Load_data.py:215} INFO - Loading dim_products completed successfully
[2024-06-30T08:53:57.599+0000] {Load_data.py:12} INFO - loading dimCustomers to db ...
[2024-06-30T08:53:57.599+0000] {Transform_data.py:7} INFO - start Extracting dim customers
[2024-06-30T08:53:57.602+0000] {db_utils.py:21} INFO - Connected to PostgreSQL database successfully
[2024-06-30T08:53:57.604+0000] {Transform_data.py:16} INFO - Extract dim customer done
[2024-06-30T08:53:57.604+0000] {db_utils.py:30} INFO - PostgreSQL connection is closed
[2024-06-30T08:53:57.607+0000] {db_utils.py:21} INFO - Connected to PostgreSQL database successfully
[2024-06-30T08:53:57.609+0000] {Load_data.py:30} INFO - SCD type 2 on dimcustomer started
[2024-06-30T08:53:57.624+0000] {db_utils.py:37} INFO - Query executed successfully for table dim_customers
[2024-06-30T08:53:57.628+0000] {Tables_creations.py:27} INFO - Loading data into table dim_customers...
[2024-06-30T08:53:57.631+0000] {db_utils.py:21} INFO - Connected to PostgreSQL database successfully
[2024-06-30T08:53:57.633+0000] {Tables_creations.py:41} INFO - Data loaded successfully into table dim_customers With 1 Row
[2024-06-30T08:53:57.634+0000] {db_utils.py:30} INFO - PostgreSQL connection is closed
[2024-06-30T08:53:57.634+0000] {db_utils.py:30} INFO - PostgreSQL connection is closed
[2024-06-30T08:53:57.635+0000] {Load_data.py:223} INFO - Loading factsales to db ...
[2024-06-30T08:53:57.635+0000] {Transform_data.py:70} INFO - start Extracting fact sales
[2024-06-30T08:53:57.638+0000] {db_utils.py:21} INFO - Connected to PostgreSQL database successfully
[2024-06-30T08:53:57.641+0000] {Transform_data.py:81} INFO - Extract fact sales done
[2024-06-30T08:53:57.641+0000] {db_utils.py:30} INFO - PostgreSQL connection is closed
[2024-06-30T08:53:57.643+0000] {Tables_creations.py:27} INFO - Loading data into table fact_sales...
[2024-06-30T08:53:57.646+0000] {db_utils.py:21} INFO - Connected to PostgreSQL database successfully
[2024-06-30T08:53:57.661+0000] {Tables_creations.py:41} INFO - Data loaded successfully into table fact_sales With 58 Row
[2024-06-30T08:53:57.661+0000] {db_utils.py:30} INFO - PostgreSQL connection is closed
[2024-06-30T08:53:57.661+0000] {Load_data.py:231} INFO - Fact_Sales loaded successfully
[2024-06-30T08:53:57.662+0000] {northwindDWH.py:54} INFO - Data delivery done
[2024-06-30T08:53:57.662+0000] {python.py:237} INFO - Done. Returned value was: None
[2024-06-30T08:53:57.662+0000] {taskinstance.py:441} INFO - ::group::Post task execution logs
[2024-06-30T08:53:57.673+0000] {taskinstance.py:1206} INFO - Marking task as SUCCESS. dag_id=northwindDWH, task_id=data_delivery, run_id=manual__2024-06-30T08:53:53.031867+00:00, execution_date=20240630T085353, start_date=20240630T085357, end_date=20240630T085357
[2024-06-30T08:53:57.717+0000] {local_task_job_runner.py:240} INFO - Task exited with return code 0
[2024-06-30T08:53:57.732+0000] {taskinstance.py:3498} INFO - 0 downstream tasks scheduled from follow-on schedule check
[2024-06-30T08:53:57.733+0000] {local_task_job_runner.py:222} INFO - ::endgroup::
