[2024-06-30T09:05:53.274+0000] {local_task_job_runner.py:120} INFO - ::group::Pre task execution logs
[2024-06-30T09:05:53.298+0000] {taskinstance.py:2076} INFO - Dependencies all met for dep_context=non-requeueable deps ti=<TaskInstance: northwindDWH.data_delivery manual__2024-06-30T09:05:49.446430+00:00 [queued]>
[2024-06-30T09:05:53.306+0000] {taskinstance.py:2076} INFO - Dependencies all met for dep_context=requeueable deps ti=<TaskInstance: northwindDWH.data_delivery manual__2024-06-30T09:05:49.446430+00:00 [queued]>
[2024-06-30T09:05:53.307+0000] {taskinstance.py:2306} INFO - Starting attempt 1 of 1
[2024-06-30T09:05:53.319+0000] {taskinstance.py:2330} INFO - Executing <Task(PythonOperator): data_delivery> on 2024-06-30 09:05:49.446430+00:00
[2024-06-30T09:05:53.328+0000] {warnings.py:110} WARNING - /home/***/.local/lib/python3.12/site-packages/***/task/task_runner/standard_task_runner.py:61: DeprecationWarning: This process (pid=171) is multi-threaded, use of fork() may lead to deadlocks in the child.
  pid = os.fork()

[2024-06-30T09:05:53.329+0000] {standard_task_runner.py:63} INFO - Started process 173 to run task
[2024-06-30T09:05:53.330+0000] {standard_task_runner.py:90} INFO - Running: ['***', 'tasks', 'run', 'northwindDWH', 'data_delivery', 'manual__2024-06-30T09:05:49.446430+00:00', '--job-id', '100', '--raw', '--subdir', 'DAGS_FOLDER/northwindDWH.py', '--cfg-path', '/tmp/tmpzqn9unrc']
[2024-06-30T09:05:53.332+0000] {standard_task_runner.py:91} INFO - Job 100: Subtask data_delivery
[2024-06-30T09:05:53.344+0000] {warnings.py:110} WARNING - /home/***/.local/lib/python3.12/site-packages/***/settings.py:195: DeprecationWarning: The sql_alchemy_conn option in [core] has been moved to the sql_alchemy_conn option in [database] - the old setting has been used, but please update your config.
  SQL_ALCHEMY_CONN = conf.get("database", "SQL_ALCHEMY_CONN")

[2024-06-30T09:05:53.374+0000] {task_command.py:426} INFO - Running <TaskInstance: northwindDWH.data_delivery manual__2024-06-30T09:05:49.446430+00:00 [running]> on host 3abb3aef8f21
[2024-06-30T09:05:53.474+0000] {taskinstance.py:2648} INFO - Exporting env vars: AIRFLOW_CTX_DAG_OWNER='Mahmoud' AIRFLOW_CTX_DAG_ID='northwindDWH' AIRFLOW_CTX_TASK_ID='data_delivery' AIRFLOW_CTX_EXECUTION_DATE='2024-06-30T09:05:49.446430+00:00' AIRFLOW_CTX_TRY_NUMBER='1' AIRFLOW_CTX_DAG_RUN_ID='manual__2024-06-30T09:05:49.446430+00:00'
[2024-06-30T09:05:53.476+0000] {taskinstance.py:430} INFO - ::endgroup::
[2024-06-30T09:05:53.487+0000] {northwindDWH.py:49} INFO - Data delivery started
[2024-06-30T09:05:53.488+0000] {Load_data.py:85} INFO - loading dimEmployee to db ...
[2024-06-30T09:05:53.488+0000] {Transform_data.py:51} INFO - start Extracting dim employee
[2024-06-30T09:05:53.492+0000] {db_utils.py:21} INFO - Connected to PostgreSQL database successfully
[2024-06-30T09:05:53.495+0000] {Transform_data.py:60} INFO - Extract dim employees done
[2024-06-30T09:05:53.495+0000] {db_utils.py:30} INFO - PostgreSQL connection is closed
[2024-06-30T09:05:53.500+0000] {db_utils.py:21} INFO - Connected to PostgreSQL database successfully
[2024-06-30T09:05:53.505+0000] {Load_data.py:103} INFO - SCD type 2 on dimemployee started
[2024-06-30T09:05:53.526+0000] {Tables_creations.py:27} INFO - Loading data into table dim_employee...
[2024-06-30T09:05:53.529+0000] {db_utils.py:21} INFO - Connected to PostgreSQL database successfully
[2024-06-30T09:05:53.534+0000] {Tables_creations.py:41} INFO - Data loaded successfully into table dim_employee With 9 Row
[2024-06-30T09:05:53.535+0000] {db_utils.py:30} INFO - PostgreSQL connection is closed
[2024-06-30T09:05:53.535+0000] {db_utils.py:30} INFO - PostgreSQL connection is closed
[2024-06-30T09:05:53.535+0000] {Load_data.py:159} INFO - Loading dimproduct to db...
[2024-06-30T09:05:53.536+0000] {Transform_data.py:27} INFO - Start Extracting dim product
[2024-06-30T09:05:53.539+0000] {db_utils.py:21} INFO - Connected to PostgreSQL database successfully
[2024-06-30T09:05:53.542+0000] {Transform_data.py:41} INFO - Extract dim products done
[2024-06-30T09:05:53.542+0000] {db_utils.py:30} INFO - PostgreSQL connection is closed
[2024-06-30T09:05:53.545+0000] {db_utils.py:21} INFO - Connected to PostgreSQL database successfully
[2024-06-30T09:05:53.548+0000] {Load_data.py:172} INFO - SCD type 1 on dimproduct started
[2024-06-30T09:05:53.567+0000] {Tables_creations.py:27} INFO - Loading data into table dim_products...
[2024-06-30T09:05:53.570+0000] {db_utils.py:21} INFO - Connected to PostgreSQL database successfully
[2024-06-30T09:05:53.581+0000] {Tables_creations.py:41} INFO - Data loaded successfully into table dim_products With 45 Row
[2024-06-30T09:05:53.582+0000] {db_utils.py:30} INFO - PostgreSQL connection is closed
[2024-06-30T09:05:53.582+0000] {db_utils.py:30} INFO - PostgreSQL connection is closed
[2024-06-30T09:05:53.582+0000] {Load_data.py:223} INFO - Loading dim_products completed successfully
[2024-06-30T09:05:53.583+0000] {Load_data.py:12} INFO - loading dimCustomers to db ...
[2024-06-30T09:05:53.583+0000] {Transform_data.py:7} INFO - start Extracting dim customers
[2024-06-30T09:05:53.586+0000] {db_utils.py:21} INFO - Connected to PostgreSQL database successfully
[2024-06-30T09:05:53.588+0000] {Transform_data.py:16} INFO - Extract dim customer done
[2024-06-30T09:05:53.589+0000] {db_utils.py:30} INFO - PostgreSQL connection is closed
[2024-06-30T09:05:53.592+0000] {db_utils.py:21} INFO - Connected to PostgreSQL database successfully
[2024-06-30T09:05:53.595+0000] {Load_data.py:30} INFO - SCD type 2 on dimcustomer started
[2024-06-30T09:05:53.653+0000] {Tables_creations.py:27} INFO - Loading data into table dim_customers...
[2024-06-30T09:05:53.657+0000] {db_utils.py:21} INFO - Connected to PostgreSQL database successfully
[2024-06-30T09:05:53.665+0000] {Tables_creations.py:41} INFO - Data loaded successfully into table dim_customers With 29 Row
[2024-06-30T09:05:53.666+0000] {db_utils.py:30} INFO - PostgreSQL connection is closed
[2024-06-30T09:05:53.666+0000] {db_utils.py:30} INFO - PostgreSQL connection is closed
[2024-06-30T09:05:53.666+0000] {Load_data.py:231} INFO - Loading factsales to db ...
[2024-06-30T09:05:53.666+0000] {Transform_data.py:70} INFO - start Extracting fact sales
[2024-06-30T09:05:53.669+0000] {db_utils.py:21} INFO - Connected to PostgreSQL database successfully
[2024-06-30T09:05:53.673+0000] {Transform_data.py:81} INFO - Extract fact sales done
[2024-06-30T09:05:53.674+0000] {db_utils.py:30} INFO - PostgreSQL connection is closed
[2024-06-30T09:05:53.677+0000] {Tables_creations.py:27} INFO - Loading data into table fact_sales...
[2024-06-30T09:05:53.680+0000] {db_utils.py:21} INFO - Connected to PostgreSQL database successfully
[2024-06-30T09:05:53.695+0000] {Tables_creations.py:41} INFO - Data loaded successfully into table fact_sales With 58 Row
[2024-06-30T09:05:53.696+0000] {db_utils.py:30} INFO - PostgreSQL connection is closed
[2024-06-30T09:05:53.696+0000] {Load_data.py:239} INFO - Fact_Sales loaded successfully
[2024-06-30T09:05:53.696+0000] {northwindDWH.py:54} INFO - Data delivery done
[2024-06-30T09:05:53.696+0000] {python.py:237} INFO - Done. Returned value was: None
[2024-06-30T09:05:53.697+0000] {taskinstance.py:441} INFO - ::group::Post task execution logs
[2024-06-30T09:05:53.705+0000] {taskinstance.py:1206} INFO - Marking task as SUCCESS. dag_id=northwindDWH, task_id=data_delivery, run_id=manual__2024-06-30T09:05:49.446430+00:00, execution_date=20240630T090549, start_date=20240630T090553, end_date=20240630T090553
[2024-06-30T09:05:53.743+0000] {local_task_job_runner.py:240} INFO - Task exited with return code 0
[2024-06-30T09:05:53.759+0000] {taskinstance.py:3498} INFO - 0 downstream tasks scheduled from follow-on schedule check
[2024-06-30T09:05:53.761+0000] {local_task_job_runner.py:222} INFO - ::endgroup::
