[2024-06-30T08:26:48.057+0000] {local_task_job_runner.py:120} INFO - ::group::Pre task execution logs
[2024-06-30T08:26:48.084+0000] {taskinstance.py:2076} INFO - Dependencies all met for dep_context=non-requeueable deps ti=<TaskInstance: northwindDWH.data_delivery manual__2024-06-30T08:26:44.088536+00:00 [queued]>
[2024-06-30T08:26:48.092+0000] {taskinstance.py:2076} INFO - Dependencies all met for dep_context=requeueable deps ti=<TaskInstance: northwindDWH.data_delivery manual__2024-06-30T08:26:44.088536+00:00 [queued]>
[2024-06-30T08:26:48.092+0000] {taskinstance.py:2306} INFO - Starting attempt 1 of 1
[2024-06-30T08:26:48.106+0000] {taskinstance.py:2330} INFO - Executing <Task(PythonOperator): data_delivery> on 2024-06-30 08:26:44.088536+00:00
[2024-06-30T08:26:48.115+0000] {warnings.py:110} WARNING - /home/***/.local/lib/python3.12/site-packages/***/task/task_runner/standard_task_runner.py:61: DeprecationWarning: This process (pid=111) is multi-threaded, use of fork() may lead to deadlocks in the child.
  pid = os.fork()

[2024-06-30T08:26:48.116+0000] {standard_task_runner.py:63} INFO - Started process 113 to run task
[2024-06-30T08:26:48.117+0000] {standard_task_runner.py:90} INFO - Running: ['***', 'tasks', 'run', 'northwindDWH', 'data_delivery', 'manual__2024-06-30T08:26:44.088536+00:00', '--job-id', '80', '--raw', '--subdir', 'DAGS_FOLDER/northwindDWH.py', '--cfg-path', '/tmp/tmp_x7qvbsk']
[2024-06-30T08:26:48.119+0000] {standard_task_runner.py:91} INFO - Job 80: Subtask data_delivery
[2024-06-30T08:26:48.131+0000] {warnings.py:110} WARNING - /home/***/.local/lib/python3.12/site-packages/***/settings.py:195: DeprecationWarning: The sql_alchemy_conn option in [core] has been moved to the sql_alchemy_conn option in [database] - the old setting has been used, but please update your config.
  SQL_ALCHEMY_CONN = conf.get("database", "SQL_ALCHEMY_CONN")

[2024-06-30T08:26:48.164+0000] {task_command.py:426} INFO - Running <TaskInstance: northwindDWH.data_delivery manual__2024-06-30T08:26:44.088536+00:00 [running]> on host 3abb3aef8f21
[2024-06-30T08:26:48.256+0000] {taskinstance.py:2648} INFO - Exporting env vars: AIRFLOW_CTX_DAG_OWNER='Mahmoud' AIRFLOW_CTX_DAG_ID='northwindDWH' AIRFLOW_CTX_TASK_ID='data_delivery' AIRFLOW_CTX_EXECUTION_DATE='2024-06-30T08:26:44.088536+00:00' AIRFLOW_CTX_TRY_NUMBER='1' AIRFLOW_CTX_DAG_RUN_ID='manual__2024-06-30T08:26:44.088536+00:00'
[2024-06-30T08:26:48.257+0000] {taskinstance.py:430} INFO - ::endgroup::
[2024-06-30T08:26:48.269+0000] {northwindDWH.py:49} INFO - Data delivery started
[2024-06-30T08:26:48.269+0000] {Load_data.py:85} INFO - loading dimEmployee to db ...
[2024-06-30T08:26:48.269+0000] {Transform_data.py:48} INFO - start Extracting dim employee
[2024-06-30T08:26:48.272+0000] {db_utils.py:21} INFO - Connected to PostgreSQL database successfully
[2024-06-30T08:26:48.276+0000] {Transform_data.py:57} INFO - Extract dim employees done
[2024-06-30T08:26:48.277+0000] {db_utils.py:30} INFO - PostgreSQL connection is closed
[2024-06-30T08:26:48.281+0000] {db_utils.py:21} INFO - Connected to PostgreSQL database successfully
[2024-06-30T08:26:48.283+0000] {Load_data.py:103} INFO - SCD type 2 on dimemployee started
[2024-06-30T08:26:48.289+0000] {db_utils.py:30} INFO - PostgreSQL connection is closed
[2024-06-30T08:26:48.289+0000] {Load_data.py:158} INFO - loading dimproduct to db ...
[2024-06-30T08:26:48.290+0000] {Transform_data.py:25} INFO - start Extracting dim product
[2024-06-30T08:26:48.293+0000] {db_utils.py:21} INFO - Connected to PostgreSQL database successfully
[2024-06-30T08:26:48.296+0000] {Transform_data.py:39} INFO - Extract dim products done
[2024-06-30T08:26:48.296+0000] {db_utils.py:30} INFO - PostgreSQL connection is closed
[2024-06-30T08:26:48.299+0000] {db_utils.py:21} INFO - Connected to PostgreSQL database successfully
[2024-06-30T08:26:48.303+0000] {Load_data.py:172} INFO - SCD type 1 on dimproduct started
[2024-06-30T08:26:48.319+0000] {Tables_creations.py:27} INFO - Loading data into table dim_products...
[2024-06-30T08:26:48.322+0000] {db_utils.py:21} INFO - Connected to PostgreSQL database successfully
[2024-06-30T08:26:48.329+0000] {Load_data.py:203} INFO - Error while loading dimProducts: integer out of range

[2024-06-30T08:26:48.330+0000] {Load_data.py:12} INFO - loading dimCustomers to db ...
[2024-06-30T08:26:48.330+0000] {Transform_data.py:7} INFO - start Extracting dim customers
[2024-06-30T08:26:48.333+0000] {db_utils.py:21} INFO - Connected to PostgreSQL database successfully
[2024-06-30T08:26:48.335+0000] {Transform_data.py:16} INFO - Extract dim customer done
[2024-06-30T08:26:48.335+0000] {db_utils.py:30} INFO - PostgreSQL connection is closed
[2024-06-30T08:26:48.339+0000] {db_utils.py:21} INFO - Connected to PostgreSQL database successfully
[2024-06-30T08:26:48.341+0000] {Load_data.py:30} INFO - SCD type 2 on dimcustomer started
[2024-06-30T08:26:48.355+0000] {db_utils.py:30} INFO - PostgreSQL connection is closed
[2024-06-30T08:26:48.355+0000] {Load_data.py:207} INFO - Loading factsales to db ...
[2024-06-30T08:26:48.356+0000] {Transform_data.py:67} INFO - start Extracting fact sales
[2024-06-30T08:26:48.359+0000] {db_utils.py:21} INFO - Connected to PostgreSQL database successfully
[2024-06-30T08:26:48.363+0000] {Transform_data.py:80} INFO - Extract fact sales done
[2024-06-30T08:26:48.363+0000] {db_utils.py:30} INFO - PostgreSQL connection is closed
[2024-06-30T08:26:48.366+0000] {Load_data.py:220} INFO - Error while loading Fact_Sales: 'shipped_date'
[2024-06-30T08:26:48.366+0000] {northwindDWH.py:54} INFO - Data delivery done
[2024-06-30T08:26:48.366+0000] {python.py:237} INFO - Done. Returned value was: None
[2024-06-30T08:26:48.367+0000] {taskinstance.py:441} INFO - ::group::Post task execution logs
[2024-06-30T08:26:48.376+0000] {taskinstance.py:1206} INFO - Marking task as SUCCESS. dag_id=northwindDWH, task_id=data_delivery, run_id=manual__2024-06-30T08:26:44.088536+00:00, execution_date=20240630T082644, start_date=20240630T082648, end_date=20240630T082648
[2024-06-30T08:26:48.410+0000] {local_task_job_runner.py:240} INFO - Task exited with return code 0
[2024-06-30T08:26:48.429+0000] {taskinstance.py:3498} INFO - 0 downstream tasks scheduled from follow-on schedule check
[2024-06-30T08:26:48.431+0000] {local_task_job_runner.py:222} INFO - ::endgroup::
