[2024-06-30T08:09:57.828+0000] {local_task_job_runner.py:120} INFO - ::group::Pre task execution logs
[2024-06-30T08:09:57.849+0000] {taskinstance.py:2076} INFO - Dependencies all met for dep_context=non-requeueable deps ti=<TaskInstance: northwindDWH.data_delivery manual__2024-06-30T08:09:54.278413+00:00 [queued]>
[2024-06-30T08:09:57.856+0000] {taskinstance.py:2076} INFO - Dependencies all met for dep_context=requeueable deps ti=<TaskInstance: northwindDWH.data_delivery manual__2024-06-30T08:09:54.278413+00:00 [queued]>
[2024-06-30T08:09:57.857+0000] {taskinstance.py:2306} INFO - Starting attempt 1 of 1
[2024-06-30T08:09:57.872+0000] {taskinstance.py:2330} INFO - Executing <Task(PythonOperator): data_delivery> on 2024-06-30 08:09:54.278413+00:00
[2024-06-30T08:09:57.880+0000] {warnings.py:110} WARNING - /home/***/.local/lib/python3.12/site-packages/***/task/task_runner/standard_task_runner.py:61: DeprecationWarning: This process (pid=87) is multi-threaded, use of fork() may lead to deadlocks in the child.
  pid = os.fork()

[2024-06-30T08:09:57.881+0000] {standard_task_runner.py:63} INFO - Started process 89 to run task
[2024-06-30T08:09:57.882+0000] {standard_task_runner.py:90} INFO - Running: ['***', 'tasks', 'run', 'northwindDWH', 'data_delivery', 'manual__2024-06-30T08:09:54.278413+00:00', '--job-id', '72', '--raw', '--subdir', 'DAGS_FOLDER/northwindDWH.py', '--cfg-path', '/tmp/tmpet4hvf7n']
[2024-06-30T08:09:57.884+0000] {standard_task_runner.py:91} INFO - Job 72: Subtask data_delivery
[2024-06-30T08:09:57.896+0000] {warnings.py:110} WARNING - /home/***/.local/lib/python3.12/site-packages/***/settings.py:195: DeprecationWarning: The sql_alchemy_conn option in [core] has been moved to the sql_alchemy_conn option in [database] - the old setting has been used, but please update your config.
  SQL_ALCHEMY_CONN = conf.get("database", "SQL_ALCHEMY_CONN")

[2024-06-30T08:09:57.926+0000] {task_command.py:426} INFO - Running <TaskInstance: northwindDWH.data_delivery manual__2024-06-30T08:09:54.278413+00:00 [running]> on host 3abb3aef8f21
[2024-06-30T08:09:58.023+0000] {taskinstance.py:2648} INFO - Exporting env vars: AIRFLOW_CTX_DAG_OWNER='Mahmoud' AIRFLOW_CTX_DAG_ID='northwindDWH' AIRFLOW_CTX_TASK_ID='data_delivery' AIRFLOW_CTX_EXECUTION_DATE='2024-06-30T08:09:54.278413+00:00' AIRFLOW_CTX_TRY_NUMBER='1' AIRFLOW_CTX_DAG_RUN_ID='manual__2024-06-30T08:09:54.278413+00:00'
[2024-06-30T08:09:58.025+0000] {taskinstance.py:430} INFO - ::endgroup::
[2024-06-30T08:09:58.037+0000] {northwindDWH.py:49} INFO - Data delivery started
[2024-06-30T08:09:58.038+0000] {Load_data.py:85} INFO - loading dimEmployee to db ...
[2024-06-30T08:09:58.038+0000] {Transform_data.py:48} INFO - start Extracting dim employee
[2024-06-30T08:09:58.041+0000] {db_utils.py:21} INFO - Connected to PostgreSQL database successfully
[2024-06-30T08:09:58.046+0000] {Transform_data.py:57} INFO - Extract dim employees done
[2024-06-30T08:09:58.046+0000] {db_utils.py:30} INFO - PostgreSQL connection is closed
[2024-06-30T08:09:58.050+0000] {db_utils.py:21} INFO - Connected to PostgreSQL database successfully
[2024-06-30T08:09:58.052+0000] {Load_data.py:103} INFO - SCD type 2 on dimemployee started
[2024-06-30T08:09:58.060+0000] {db_utils.py:30} INFO - PostgreSQL connection is closed
[2024-06-30T08:09:58.060+0000] {Load_data.py:158} INFO - loading dimproduct to db ...
[2024-06-30T08:09:58.061+0000] {Transform_data.py:25} INFO - start Extracting dim product
[2024-06-30T08:09:58.064+0000] {db_utils.py:21} INFO - Connected to PostgreSQL database successfully
[2024-06-30T08:09:58.066+0000] {Transform_data.py:39} INFO - Extract dim products done
[2024-06-30T08:09:58.067+0000] {db_utils.py:30} INFO - PostgreSQL connection is closed
[2024-06-30T08:09:58.069+0000] {db_utils.py:21} INFO - Connected to PostgreSQL database successfully
[2024-06-30T08:09:58.073+0000] {Load_data.py:172} INFO - SCD type 1 on dimproduct started
[2024-06-30T08:09:58.074+0000] {Load_data.py:203} INFO - Error while loading dimProducts: 'product_id'
[2024-06-30T08:09:58.074+0000] {Load_data.py:12} INFO - loading dimCustomers to db ...
[2024-06-30T08:09:58.075+0000] {Transform_data.py:7} INFO - start Extracting dim customers
[2024-06-30T08:09:58.078+0000] {db_utils.py:21} INFO - Connected to PostgreSQL database successfully
[2024-06-30T08:09:58.080+0000] {Transform_data.py:16} INFO - Extract dim customer done
[2024-06-30T08:09:58.080+0000] {db_utils.py:30} INFO - PostgreSQL connection is closed
[2024-06-30T08:09:58.084+0000] {db_utils.py:21} INFO - Connected to PostgreSQL database successfully
[2024-06-30T08:09:58.086+0000] {Load_data.py:30} INFO - SCD type 2 on dimcustomer started
[2024-06-30T08:09:58.100+0000] {db_utils.py:30} INFO - PostgreSQL connection is closed
[2024-06-30T08:09:58.100+0000] {Load_data.py:207} INFO - Loading factsales to db ...
[2024-06-30T08:09:58.101+0000] {Transform_data.py:67} INFO - start Extracting fact sales
[2024-06-30T08:09:58.104+0000] {db_utils.py:21} INFO - Connected to PostgreSQL database successfully
[2024-06-30T08:09:58.107+0000] {Transform_data.py:80} INFO - Extract fact sales done
[2024-06-30T08:09:58.107+0000] {db_utils.py:30} INFO - PostgreSQL connection is closed
[2024-06-30T08:09:58.111+0000] {Load_data.py:220} INFO - Error while loading Fact_Sales: 'shipped_date'
[2024-06-30T08:09:58.111+0000] {northwindDWH.py:54} INFO - Data delivery done
[2024-06-30T08:09:58.112+0000] {python.py:237} INFO - Done. Returned value was: None
[2024-06-30T08:09:58.112+0000] {taskinstance.py:441} INFO - ::group::Post task execution logs
[2024-06-30T08:09:58.120+0000] {taskinstance.py:1206} INFO - Marking task as SUCCESS. dag_id=northwindDWH, task_id=data_delivery, run_id=manual__2024-06-30T08:09:54.278413+00:00, execution_date=20240630T080954, start_date=20240630T080957, end_date=20240630T080958
[2024-06-30T08:09:58.174+0000] {local_task_job_runner.py:240} INFO - Task exited with return code 0
[2024-06-30T08:09:58.193+0000] {taskinstance.py:3498} INFO - 0 downstream tasks scheduled from follow-on schedule check
[2024-06-30T08:09:58.194+0000] {local_task_job_runner.py:222} INFO - ::endgroup::
