[2024-06-30T07:51:20.061+0000] {local_task_job_runner.py:120} INFO - ::group::Pre task execution logs
[2024-06-30T07:51:20.081+0000] {taskinstance.py:2076} INFO - Dependencies all met for dep_context=non-requeueable deps ti=<TaskInstance: northwindDWH.data_delivery manual__2024-06-30T07:51:16.542880+00:00 [queued]>
[2024-06-30T07:51:20.090+0000] {taskinstance.py:2076} INFO - Dependencies all met for dep_context=requeueable deps ti=<TaskInstance: northwindDWH.data_delivery manual__2024-06-30T07:51:16.542880+00:00 [queued]>
[2024-06-30T07:51:20.090+0000] {taskinstance.py:2306} INFO - Starting attempt 1 of 1
[2024-06-30T07:51:20.101+0000] {taskinstance.py:2330} INFO - Executing <Task(PythonOperator): data_delivery> on 2024-06-30 07:51:16.542880+00:00
[2024-06-30T07:51:20.109+0000] {warnings.py:110} WARNING - /home/***/.local/lib/python3.12/site-packages/***/task/task_runner/standard_task_runner.py:61: DeprecationWarning: This process (pid=57) is multi-threaded, use of fork() may lead to deadlocks in the child.
  pid = os.fork()

[2024-06-30T07:51:20.110+0000] {standard_task_runner.py:63} INFO - Started process 59 to run task
[2024-06-30T07:51:20.110+0000] {standard_task_runner.py:90} INFO - Running: ['***', 'tasks', 'run', 'northwindDWH', 'data_delivery', 'manual__2024-06-30T07:51:16.542880+00:00', '--job-id', '62', '--raw', '--subdir', 'DAGS_FOLDER/northwindDWH.py', '--cfg-path', '/tmp/tmp31c2nner']
[2024-06-30T07:51:20.112+0000] {standard_task_runner.py:91} INFO - Job 62: Subtask data_delivery
[2024-06-30T07:51:20.123+0000] {warnings.py:110} WARNING - /home/***/.local/lib/python3.12/site-packages/***/settings.py:195: DeprecationWarning: The sql_alchemy_conn option in [core] has been moved to the sql_alchemy_conn option in [database] - the old setting has been used, but please update your config.
  SQL_ALCHEMY_CONN = conf.get("database", "SQL_ALCHEMY_CONN")

[2024-06-30T07:51:20.150+0000] {task_command.py:426} INFO - Running <TaskInstance: northwindDWH.data_delivery manual__2024-06-30T07:51:16.542880+00:00 [running]> on host 3abb3aef8f21
[2024-06-30T07:51:20.230+0000] {taskinstance.py:2648} INFO - Exporting env vars: AIRFLOW_CTX_DAG_OWNER='Mahmoud' AIRFLOW_CTX_DAG_ID='northwindDWH' AIRFLOW_CTX_TASK_ID='data_delivery' AIRFLOW_CTX_EXECUTION_DATE='2024-06-30T07:51:16.542880+00:00' AIRFLOW_CTX_TRY_NUMBER='1' AIRFLOW_CTX_DAG_RUN_ID='manual__2024-06-30T07:51:16.542880+00:00'
[2024-06-30T07:51:20.231+0000] {taskinstance.py:430} INFO - ::endgroup::
[2024-06-30T07:51:20.243+0000] {northwindDWH.py:49} INFO - Data delivery started
[2024-06-30T07:51:20.243+0000] {Load_data.py:86} INFO - loading dimEmployee to db ...
[2024-06-30T07:51:20.243+0000] {Transform_data.py:48} INFO - start Extracting dim employee
[2024-06-30T07:51:20.246+0000] {db_utils.py:21} INFO - Connected to PostgreSQL database successfully
[2024-06-30T07:51:20.250+0000] {Transform_data.py:57} INFO - Extract dim employees done
[2024-06-30T07:51:20.250+0000] {db_utils.py:30} INFO - PostgreSQL connection is closed
[2024-06-30T07:51:20.255+0000] {db_utils.py:21} INFO - Connected to PostgreSQL database successfully
[2024-06-30T07:51:20.260+0000] {Load_data.py:106} INFO - SCD type 2 on dimemployee started
[2024-06-30T07:51:20.261+0000] {Load_data.py:156} INFO - Error while loading dimCustomers: 'Employee_id'
[2024-06-30T07:51:20.261+0000] {Load_data.py:160} INFO - loading dimproduct to db ...
[2024-06-30T07:51:20.261+0000] {Transform_data.py:25} INFO - start Extracting dim product
[2024-06-30T07:51:20.264+0000] {db_utils.py:21} INFO - Connected to PostgreSQL database successfully
[2024-06-30T07:51:20.266+0000] {Transform_data.py:39} INFO - Extract dim products done
[2024-06-30T07:51:20.267+0000] {db_utils.py:30} INFO - PostgreSQL connection is closed
[2024-06-30T07:51:20.270+0000] {db_utils.py:21} INFO - Connected to PostgreSQL database successfully
[2024-06-30T07:51:20.274+0000] {Load_data.py:205} INFO - Error while loading dimCustomers: 'Product_id'
[2024-06-30T07:51:20.274+0000] {Load_data.py:12} INFO - loading dimCustomers to db ...
[2024-06-30T07:51:20.274+0000] {Transform_data.py:7} INFO - start Extracting dim customers
[2024-06-30T07:51:20.277+0000] {db_utils.py:21} INFO - Connected to PostgreSQL database successfully
[2024-06-30T07:51:20.279+0000] {Transform_data.py:16} INFO - Extract dim customer done
[2024-06-30T07:51:20.279+0000] {db_utils.py:30} INFO - PostgreSQL connection is closed
[2024-06-30T07:51:20.283+0000] {db_utils.py:21} INFO - Connected to PostgreSQL database successfully
[2024-06-30T07:51:20.286+0000] {Load_data.py:32} INFO - SCD type 2 on dimcustomer started
[2024-06-30T07:51:20.290+0000] {warnings.py:110} WARNING - /opt/***/dags/scripts/Load_data.py:73: FutureWarning: The frame.append method is deprecated and will be removed from pandas in a future version. Use pandas.concat instead.
  new_records.append(row)

[2024-06-30T07:51:20.293+0000] {Load_data.py:32} INFO - SCD type 2 on dimcustomer started
[2024-06-30T07:51:20.295+0000] {warnings.py:110} WARNING - /opt/***/dags/scripts/Load_data.py:73: FutureWarning: The frame.append method is deprecated and will be removed from pandas in a future version. Use pandas.concat instead.
  new_records.append(row)

[2024-06-30T07:51:20.297+0000] {Load_data.py:32} INFO - SCD type 2 on dimcustomer started
[2024-06-30T07:51:20.299+0000] {warnings.py:110} WARNING - /opt/***/dags/scripts/Load_data.py:73: FutureWarning: The frame.append method is deprecated and will be removed from pandas in a future version. Use pandas.concat instead.
  new_records.append(row)

[2024-06-30T07:51:20.301+0000] {Load_data.py:32} INFO - SCD type 2 on dimcustomer started
[2024-06-30T07:51:20.303+0000] {warnings.py:110} WARNING - /opt/***/dags/scripts/Load_data.py:73: FutureWarning: The frame.append method is deprecated and will be removed from pandas in a future version. Use pandas.concat instead.
  new_records.append(row)

[2024-06-30T07:51:20.305+0000] {Load_data.py:32} INFO - SCD type 2 on dimcustomer started
[2024-06-30T07:51:20.308+0000] {warnings.py:110} WARNING - /opt/***/dags/scripts/Load_data.py:73: FutureWarning: The frame.append method is deprecated and will be removed from pandas in a future version. Use pandas.concat instead.
  new_records.append(row)

[2024-06-30T07:51:20.309+0000] {Load_data.py:32} INFO - SCD type 2 on dimcustomer started
[2024-06-30T07:51:20.311+0000] {warnings.py:110} WARNING - /opt/***/dags/scripts/Load_data.py:73: FutureWarning: The frame.append method is deprecated and will be removed from pandas in a future version. Use pandas.concat instead.
  new_records.append(row)

[2024-06-30T07:51:20.313+0000] {Load_data.py:32} INFO - SCD type 2 on dimcustomer started
[2024-06-30T07:51:20.315+0000] {warnings.py:110} WARNING - /opt/***/dags/scripts/Load_data.py:73: FutureWarning: The frame.append method is deprecated and will be removed from pandas in a future version. Use pandas.concat instead.
  new_records.append(row)

[2024-06-30T07:51:20.317+0000] {Load_data.py:32} INFO - SCD type 2 on dimcustomer started
[2024-06-30T07:51:20.319+0000] {warnings.py:110} WARNING - /opt/***/dags/scripts/Load_data.py:73: FutureWarning: The frame.append method is deprecated and will be removed from pandas in a future version. Use pandas.concat instead.
  new_records.append(row)

[2024-06-30T07:51:20.321+0000] {Load_data.py:32} INFO - SCD type 2 on dimcustomer started
[2024-06-30T07:51:20.323+0000] {warnings.py:110} WARNING - /opt/***/dags/scripts/Load_data.py:73: FutureWarning: The frame.append method is deprecated and will be removed from pandas in a future version. Use pandas.concat instead.
  new_records.append(row)

[2024-06-30T07:51:20.325+0000] {Load_data.py:32} INFO - SCD type 2 on dimcustomer started
[2024-06-30T07:51:20.327+0000] {warnings.py:110} WARNING - /opt/***/dags/scripts/Load_data.py:73: FutureWarning: The frame.append method is deprecated and will be removed from pandas in a future version. Use pandas.concat instead.
  new_records.append(row)

[2024-06-30T07:51:20.329+0000] {Load_data.py:32} INFO - SCD type 2 on dimcustomer started
[2024-06-30T07:51:20.331+0000] {warnings.py:110} WARNING - /opt/***/dags/scripts/Load_data.py:73: FutureWarning: The frame.append method is deprecated and will be removed from pandas in a future version. Use pandas.concat instead.
  new_records.append(row)

[2024-06-30T07:51:20.333+0000] {Load_data.py:32} INFO - SCD type 2 on dimcustomer started
[2024-06-30T07:51:20.335+0000] {warnings.py:110} WARNING - /opt/***/dags/scripts/Load_data.py:73: FutureWarning: The frame.append method is deprecated and will be removed from pandas in a future version. Use pandas.concat instead.
  new_records.append(row)

[2024-06-30T07:51:20.337+0000] {Load_data.py:32} INFO - SCD type 2 on dimcustomer started
[2024-06-30T07:51:20.339+0000] {warnings.py:110} WARNING - /opt/***/dags/scripts/Load_data.py:73: FutureWarning: The frame.append method is deprecated and will be removed from pandas in a future version. Use pandas.concat instead.
  new_records.append(row)

[2024-06-30T07:51:20.341+0000] {Load_data.py:32} INFO - SCD type 2 on dimcustomer started
[2024-06-30T07:51:20.343+0000] {warnings.py:110} WARNING - /opt/***/dags/scripts/Load_data.py:73: FutureWarning: The frame.append method is deprecated and will be removed from pandas in a future version. Use pandas.concat instead.
  new_records.append(row)

[2024-06-30T07:51:20.346+0000] {Load_data.py:32} INFO - SCD type 2 on dimcustomer started
[2024-06-30T07:51:20.348+0000] {warnings.py:110} WARNING - /opt/***/dags/scripts/Load_data.py:73: FutureWarning: The frame.append method is deprecated and will be removed from pandas in a future version. Use pandas.concat instead.
  new_records.append(row)

[2024-06-30T07:51:20.351+0000] {Load_data.py:32} INFO - SCD type 2 on dimcustomer started
[2024-06-30T07:51:20.355+0000] {warnings.py:110} WARNING - /opt/***/dags/scripts/Load_data.py:73: FutureWarning: The frame.append method is deprecated and will be removed from pandas in a future version. Use pandas.concat instead.
  new_records.append(row)

[2024-06-30T07:51:20.359+0000] {Load_data.py:32} INFO - SCD type 2 on dimcustomer started
[2024-06-30T07:51:20.362+0000] {warnings.py:110} WARNING - /opt/***/dags/scripts/Load_data.py:73: FutureWarning: The frame.append method is deprecated and will be removed from pandas in a future version. Use pandas.concat instead.
  new_records.append(row)

[2024-06-30T07:51:20.365+0000] {Load_data.py:32} INFO - SCD type 2 on dimcustomer started
[2024-06-30T07:51:20.367+0000] {warnings.py:110} WARNING - /opt/***/dags/scripts/Load_data.py:73: FutureWarning: The frame.append method is deprecated and will be removed from pandas in a future version. Use pandas.concat instead.
  new_records.append(row)

[2024-06-30T07:51:20.370+0000] {Load_data.py:32} INFO - SCD type 2 on dimcustomer started
[2024-06-30T07:51:20.373+0000] {warnings.py:110} WARNING - /opt/***/dags/scripts/Load_data.py:73: FutureWarning: The frame.append method is deprecated and will be removed from pandas in a future version. Use pandas.concat instead.
  new_records.append(row)

[2024-06-30T07:51:20.375+0000] {Load_data.py:32} INFO - SCD type 2 on dimcustomer started
[2024-06-30T07:51:20.378+0000] {warnings.py:110} WARNING - /opt/***/dags/scripts/Load_data.py:73: FutureWarning: The frame.append method is deprecated and will be removed from pandas in a future version. Use pandas.concat instead.
  new_records.append(row)

[2024-06-30T07:51:20.380+0000] {Load_data.py:32} INFO - SCD type 2 on dimcustomer started
[2024-06-30T07:51:20.382+0000] {warnings.py:110} WARNING - /opt/***/dags/scripts/Load_data.py:73: FutureWarning: The frame.append method is deprecated and will be removed from pandas in a future version. Use pandas.concat instead.
  new_records.append(row)

[2024-06-30T07:51:20.385+0000] {Load_data.py:32} INFO - SCD type 2 on dimcustomer started
[2024-06-30T07:51:20.387+0000] {warnings.py:110} WARNING - /opt/***/dags/scripts/Load_data.py:73: FutureWarning: The frame.append method is deprecated and will be removed from pandas in a future version. Use pandas.concat instead.
  new_records.append(row)

[2024-06-30T07:51:20.390+0000] {Load_data.py:32} INFO - SCD type 2 on dimcustomer started
[2024-06-30T07:51:20.392+0000] {warnings.py:110} WARNING - /opt/***/dags/scripts/Load_data.py:73: FutureWarning: The frame.append method is deprecated and will be removed from pandas in a future version. Use pandas.concat instead.
  new_records.append(row)

[2024-06-30T07:51:20.394+0000] {Load_data.py:32} INFO - SCD type 2 on dimcustomer started
[2024-06-30T07:51:20.397+0000] {warnings.py:110} WARNING - /opt/***/dags/scripts/Load_data.py:73: FutureWarning: The frame.append method is deprecated and will be removed from pandas in a future version. Use pandas.concat instead.
  new_records.append(row)

[2024-06-30T07:51:20.400+0000] {Load_data.py:32} INFO - SCD type 2 on dimcustomer started
[2024-06-30T07:51:20.404+0000] {warnings.py:110} WARNING - /opt/***/dags/scripts/Load_data.py:73: FutureWarning: The frame.append method is deprecated and will be removed from pandas in a future version. Use pandas.concat instead.
  new_records.append(row)

[2024-06-30T07:51:20.406+0000] {Load_data.py:32} INFO - SCD type 2 on dimcustomer started
[2024-06-30T07:51:20.408+0000] {warnings.py:110} WARNING - /opt/***/dags/scripts/Load_data.py:73: FutureWarning: The frame.append method is deprecated and will be removed from pandas in a future version. Use pandas.concat instead.
  new_records.append(row)

[2024-06-30T07:51:20.410+0000] {Load_data.py:32} INFO - SCD type 2 on dimcustomer started
[2024-06-30T07:51:20.413+0000] {warnings.py:110} WARNING - /opt/***/dags/scripts/Load_data.py:73: FutureWarning: The frame.append method is deprecated and will be removed from pandas in a future version. Use pandas.concat instead.
  new_records.append(row)

[2024-06-30T07:51:20.415+0000] {Load_data.py:32} INFO - SCD type 2 on dimcustomer started
[2024-06-30T07:51:20.418+0000] {warnings.py:110} WARNING - /opt/***/dags/scripts/Load_data.py:73: FutureWarning: The frame.append method is deprecated and will be removed from pandas in a future version. Use pandas.concat instead.
  new_records.append(row)

[2024-06-30T07:51:20.421+0000] {Load_data.py:32} INFO - SCD type 2 on dimcustomer started
[2024-06-30T07:51:20.423+0000] {warnings.py:110} WARNING - /opt/***/dags/scripts/Load_data.py:73: FutureWarning: The frame.append method is deprecated and will be removed from pandas in a future version. Use pandas.concat instead.
  new_records.append(row)

[2024-06-30T07:51:20.425+0000] {Load_data.py:82} INFO - Error while loading dimCustomers: The truth value of a DataFrame is ambiguous. Use a.empty, a.bool(), a.item(), a.any() or a.all().
[2024-06-30T07:51:20.426+0000] {Load_data.py:209} INFO - loading factsales to db ...
[2024-06-30T07:51:20.426+0000] {Transform_data.py:67} INFO - start Extracting fact sales
[2024-06-30T07:51:20.429+0000] {db_utils.py:21} INFO - Connected to PostgreSQL database successfully
[2024-06-30T07:51:20.432+0000] {Transform_data.py:80} INFO - Extract fact sales done
[2024-06-30T07:51:20.432+0000] {db_utils.py:30} INFO - PostgreSQL connection is closed
[2024-06-30T07:51:20.433+0000] {Tables_creations.py:27} INFO - Loading data into table fact_sales...
[2024-06-30T07:51:20.436+0000] {db_utils.py:21} INFO - Connected to PostgreSQL database successfully
[2024-06-30T07:51:20.443+0000] {Load_data.py:217} INFO - Error while loading Fact_Sales: invalid input syntax for type timestamp: "NaT"
LINE 1: ... (41, 43, 1, 7, '2006-03-24T00:00:00'::timestamp, 'NaT'::tim...
                                                             ^

[2024-06-30T07:51:20.444+0000] {northwindDWH.py:54} INFO - Data delivery done
[2024-06-30T07:51:20.444+0000] {python.py:237} INFO - Done. Returned value was: None
[2024-06-30T07:51:20.445+0000] {taskinstance.py:441} INFO - ::group::Post task execution logs
[2024-06-30T07:51:20.454+0000] {taskinstance.py:1206} INFO - Marking task as SUCCESS. dag_id=northwindDWH, task_id=data_delivery, run_id=manual__2024-06-30T07:51:16.542880+00:00, execution_date=20240630T075116, start_date=20240630T075120, end_date=20240630T075120
[2024-06-30T07:51:20.484+0000] {local_task_job_runner.py:240} INFO - Task exited with return code 0
[2024-06-30T07:51:20.500+0000] {taskinstance.py:3498} INFO - 0 downstream tasks scheduled from follow-on schedule check
[2024-06-30T07:51:20.501+0000] {local_task_job_runner.py:222} INFO - ::endgroup::
