[2024-06-29T20:33:48.961+0000] {local_task_job_runner.py:120} INFO - ::group::Pre task execution logs
[2024-06-29T20:33:48.982+0000] {taskinstance.py:2076} INFO - Dependencies all met for dep_context=non-requeueable deps ti=<TaskInstance: northwindDWH.data_extraction scheduled__2024-06-28T00:00:00+00:00 [queued]>
[2024-06-29T20:33:48.989+0000] {taskinstance.py:2076} INFO - Dependencies all met for dep_context=requeueable deps ti=<TaskInstance: northwindDWH.data_extraction scheduled__2024-06-28T00:00:00+00:00 [queued]>
[2024-06-29T20:33:48.989+0000] {taskinstance.py:2306} INFO - Starting attempt 1 of 1
[2024-06-29T20:33:49.000+0000] {taskinstance.py:2330} INFO - Executing <Task(PythonOperator): data_extraction> on 2024-06-28 00:00:00+00:00
[2024-06-29T20:33:49.009+0000] {warnings.py:110} WARNING - /home/***/.local/lib/python3.12/site-packages/***/task/task_runner/standard_task_runner.py:61: DeprecationWarning: This process (pid=56) is multi-threaded, use of fork() may lead to deadlocks in the child.
  pid = os.fork()

[2024-06-29T20:33:49.010+0000] {standard_task_runner.py:63} INFO - Started process 58 to run task
[2024-06-29T20:33:49.010+0000] {standard_task_runner.py:90} INFO - Running: ['***', 'tasks', 'run', 'northwindDWH', 'data_extraction', 'scheduled__2024-06-28T00:00:00+00:00', '--job-id', '4', '--raw', '--subdir', 'DAGS_FOLDER/northwindDWH.py', '--cfg-path', '/tmp/tmpsw05v6lc']
[2024-06-29T20:33:49.012+0000] {standard_task_runner.py:91} INFO - Job 4: Subtask data_extraction
[2024-06-29T20:33:49.022+0000] {warnings.py:110} WARNING - /home/***/.local/lib/python3.12/site-packages/***/settings.py:195: DeprecationWarning: The sql_alchemy_conn option in [core] has been moved to the sql_alchemy_conn option in [database] - the old setting has been used, but please update your config.
  SQL_ALCHEMY_CONN = conf.get("database", "SQL_ALCHEMY_CONN")

[2024-06-29T20:33:49.051+0000] {task_command.py:426} INFO - Running <TaskInstance: northwindDWH.data_extraction scheduled__2024-06-28T00:00:00+00:00 [running]> on host 3abb3aef8f21
[2024-06-29T20:33:49.122+0000] {taskinstance.py:2648} INFO - Exporting env vars: AIRFLOW_CTX_DAG_OWNER='Mahmoud' AIRFLOW_CTX_DAG_ID='northwindDWH' AIRFLOW_CTX_TASK_ID='data_extraction' AIRFLOW_CTX_EXECUTION_DATE='2024-06-28T00:00:00+00:00' AIRFLOW_CTX_TRY_NUMBER='1' AIRFLOW_CTX_DAG_RUN_ID='scheduled__2024-06-28T00:00:00+00:00'
[2024-06-29T20:33:49.123+0000] {taskinstance.py:430} INFO - ::endgroup::
[2024-06-29T20:33:49.134+0000] {northwindDWH.py:53} INFO - Data extraction started
[2024-06-29T20:33:49.135+0000] {Transform_data.py:7} INFO - start Extracting dim customers
[2024-06-29T20:33:49.138+0000] {db_utils.py:21} INFO - Connected to PostgreSQL database successfully
[2024-06-29T20:33:49.142+0000] {Transform_data.py:16} INFO - Extract dim customer done
[2024-06-29T20:33:49.142+0000] {db_utils.py:30} INFO - PostgreSQL connection is closed
[2024-06-29T20:33:49.143+0000] {Transform_data.py:48} INFO - start Extracting dim employee
[2024-06-29T20:33:49.145+0000] {db_utils.py:21} INFO - Connected to PostgreSQL database successfully
[2024-06-29T20:33:49.147+0000] {Transform_data.py:57} INFO - Extract dim employees done
[2024-06-29T20:33:49.147+0000] {db_utils.py:30} INFO - PostgreSQL connection is closed
[2024-06-29T20:33:49.148+0000] {Transform_data.py:25} INFO - start Extracting dim product
[2024-06-29T20:33:49.151+0000] {db_utils.py:21} INFO - Connected to PostgreSQL database successfully
[2024-06-29T20:33:49.153+0000] {Transform_data.py:39} INFO - Extract dim products done
[2024-06-29T20:33:49.154+0000] {db_utils.py:30} INFO - PostgreSQL connection is closed
[2024-06-29T20:33:49.154+0000] {Transform_data.py:67} INFO - start Extracting fact sales
[2024-06-29T20:33:49.157+0000] {db_utils.py:21} INFO - Connected to PostgreSQL database successfully
[2024-06-29T20:33:49.160+0000] {Transform_data.py:80} INFO - Extract fact sales done
[2024-06-29T20:33:49.160+0000] {db_utils.py:30} INFO - PostgreSQL connection is closed
[2024-06-29T20:33:49.160+0000] {northwindDWH.py:58} INFO - Data extraction done
[2024-06-29T20:33:49.160+0000] {python.py:237} INFO - Done. Returned value was: None
[2024-06-29T20:33:49.161+0000] {taskinstance.py:441} INFO - ::group::Post task execution logs
[2024-06-29T20:33:49.169+0000] {taskinstance.py:1206} INFO - Marking task as SUCCESS. dag_id=northwindDWH, task_id=data_extraction, run_id=scheduled__2024-06-28T00:00:00+00:00, execution_date=20240628T000000, start_date=20240629T203348, end_date=20240629T203349
[2024-06-29T20:33:49.223+0000] {local_task_job_runner.py:240} INFO - Task exited with return code 0
[2024-06-29T20:33:49.245+0000] {taskinstance.py:3498} INFO - 1 downstream tasks scheduled from follow-on schedule check
[2024-06-29T20:33:49.246+0000] {local_task_job_runner.py:222} INFO - ::endgroup::
