[2024-06-30T08:06:41.085+0000] {local_task_job_runner.py:120} INFO - ::group::Pre task execution logs
[2024-06-30T08:06:41.108+0000] {taskinstance.py:2076} INFO - Dependencies all met for dep_context=non-requeueable deps ti=<TaskInstance: northwindDWH.database_preparation manual__2024-06-30T08:06:39.476841+00:00 [queued]>
[2024-06-30T08:06:41.115+0000] {taskinstance.py:2076} INFO - Dependencies all met for dep_context=requeueable deps ti=<TaskInstance: northwindDWH.database_preparation manual__2024-06-30T08:06:39.476841+00:00 [queued]>
[2024-06-30T08:06:41.115+0000] {taskinstance.py:2306} INFO - Starting attempt 1 of 1
[2024-06-30T08:06:41.128+0000] {taskinstance.py:2330} INFO - Executing <Task(PythonOperator): database_preparation> on 2024-06-30 08:06:39.476841+00:00
[2024-06-30T08:06:41.136+0000] {warnings.py:110} WARNING - /home/***/.local/lib/python3.12/site-packages/***/task/task_runner/standard_task_runner.py:61: DeprecationWarning: This process (pid=72) is multi-threaded, use of fork() may lead to deadlocks in the child.
  pid = os.fork()

[2024-06-30T08:06:41.137+0000] {standard_task_runner.py:63} INFO - Started process 74 to run task
[2024-06-30T08:06:41.137+0000] {standard_task_runner.py:90} INFO - Running: ['***', 'tasks', 'run', 'northwindDWH', 'database_preparation', 'manual__2024-06-30T08:06:39.476841+00:00', '--job-id', '67', '--raw', '--subdir', 'DAGS_FOLDER/northwindDWH.py', '--cfg-path', '/tmp/tmpd46rw35z']
[2024-06-30T08:06:41.139+0000] {standard_task_runner.py:91} INFO - Job 67: Subtask database_preparation
[2024-06-30T08:06:41.149+0000] {warnings.py:110} WARNING - /home/***/.local/lib/python3.12/site-packages/***/settings.py:195: DeprecationWarning: The sql_alchemy_conn option in [core] has been moved to the sql_alchemy_conn option in [database] - the old setting has been used, but please update your config.
  SQL_ALCHEMY_CONN = conf.get("database", "SQL_ALCHEMY_CONN")

[2024-06-30T08:06:41.178+0000] {task_command.py:426} INFO - Running <TaskInstance: northwindDWH.database_preparation manual__2024-06-30T08:06:39.476841+00:00 [running]> on host 3abb3aef8f21
[2024-06-30T08:06:41.261+0000] {taskinstance.py:2648} INFO - Exporting env vars: AIRFLOW_CTX_DAG_OWNER='Mahmoud' AIRFLOW_CTX_DAG_ID='northwindDWH' AIRFLOW_CTX_TASK_ID='database_preparation' AIRFLOW_CTX_EXECUTION_DATE='2024-06-30T08:06:39.476841+00:00' AIRFLOW_CTX_TRY_NUMBER='1' AIRFLOW_CTX_DAG_RUN_ID='manual__2024-06-30T08:06:39.476841+00:00'
[2024-06-30T08:06:41.262+0000] {taskinstance.py:430} INFO - ::endgroup::
[2024-06-30T08:06:41.274+0000] {northwindDWH.py:38} INFO - Database preparation started
[2024-06-30T08:06:41.274+0000] {Tables_creations.py:7} INFO - Create tables ......
[2024-06-30T08:06:41.277+0000] {db_utils.py:21} INFO - Connected to PostgreSQL database successfully
[2024-06-30T08:06:41.278+0000] {db_utils.py:37} INFO - Query executed successfully for table DIM_Customers
[2024-06-30T08:06:41.278+0000] {Tables_creations.py:19} INFO - Table DIM_Customers created successfully
[2024-06-30T08:06:41.279+0000] {db_utils.py:37} INFO - Query executed successfully for table DIM_Employee
[2024-06-30T08:06:41.279+0000] {Tables_creations.py:19} INFO - Table DIM_Employee created successfully
[2024-06-30T08:06:41.279+0000] {db_utils.py:37} INFO - Query executed successfully for table DIM_Products
[2024-06-30T08:06:41.279+0000] {Tables_creations.py:19} INFO - Table DIM_Products created successfully
[2024-06-30T08:06:41.280+0000] {db_utils.py:37} INFO - Query executed successfully for table Fact_Sales
[2024-06-30T08:06:41.280+0000] {Tables_creations.py:19} INFO - Table Fact_Sales created successfully
[2024-06-30T08:06:41.280+0000] {northwindDWH.py:40} INFO - Database preparation done
[2024-06-30T08:06:41.281+0000] {python.py:237} INFO - Done. Returned value was: None
[2024-06-30T08:06:41.281+0000] {taskinstance.py:441} INFO - ::group::Post task execution logs
[2024-06-30T08:06:41.289+0000] {taskinstance.py:1206} INFO - Marking task as SUCCESS. dag_id=northwindDWH, task_id=database_preparation, run_id=manual__2024-06-30T08:06:39.476841+00:00, execution_date=20240630T080639, start_date=20240630T080641, end_date=20240630T080641
[2024-06-30T08:06:41.310+0000] {local_task_job_runner.py:240} INFO - Task exited with return code 0
[2024-06-30T08:06:41.334+0000] {taskinstance.py:3498} INFO - 1 downstream tasks scheduled from follow-on schedule check
[2024-06-30T08:06:41.335+0000] {local_task_job_runner.py:222} INFO - ::endgroup::
